<?xml version="1.0" encoding="UTF-8"?>
<!-- Generated by org.testng.reporters.JUnitReportReporter -->
<testsuite hostname="ITS0568.local" failures="0" tests="1" name="Verifyhomepage.page1Test" time="10.007" errors="0" timestamp="19 May 2020 21:30:25 GMT" skipped="0">
  <testcase classname="Verifyhomepage.page1Test" name="GBpageone" time="10.007"/>
</testsuite> <!-- Verifyhomepage.page1Test -->
